<?xml version="1.0" encoding="UTF-8"?>
<!-- Generated by org.testng.reporters.JUnitReportReporter -->
<testsuite hostname="ahmad-WX-3" failures="0" tests="1" name="featureDefinitions.TestClass" time="0.008" errors="0" timestamp="2022-01-04T22:48:09 IST" skipped="0">
  <testcase classname="featureDefinitions.TestClass" name="Test" time="0.008"/>
  <system-out/>
</testsuite> <!-- featureDefinitions.TestClass -->
